<?xml version="1.0" encoding="UTF-8"?>
<testng-results skipped="0" failed="1" ignored="0" total="5" passed="4">
  <reporter-output>
  </reporter-output>
  <suite name="Default suite" duration-ms="31509" started-at="2018-09-06T05:16:29Z" finished-at="2018-09-06T05:17:00Z">
    <groups>
      <group name="SignUp">
        <method signature="ApplicationTest.signUpTest(java.lang.String, java.lang.String, java.lang.String, java.lang.String, java.lang.String, java.lang.String, java.lang.String, java.lang.String)[pri:0, instance:com.bookmyroom.testng.ApplicationTest@17baae6e]" name="signUpTest" class="com.bookmyroom.testng.ApplicationTest"/>
      </group> <!-- SignUp -->
    </groups>
    <test name="Default test" duration-ms="31509" started-at="2018-09-06T05:16:29Z" finished-at="2018-09-06T05:17:00Z">
      <class name="com.bookmyroom.testng.ApplicationTest">
        <test-method status="PASS" signature="beforeTest()[pri:0, instance:com.bookmyroom.testng.ApplicationTest@17baae6e]" name="beforeTest" is-config="true" duration-ms="3890" started-at="2018-09-06T05:16:29Z" finished-at="2018-09-06T05:16:33Z">
          <reporter-output>
          </reporter-output>
        </test-method> <!-- beforeTest -->
        <test-method status="FAIL" signature="signUpTest(java.lang.String, java.lang.String, java.lang.String, java.lang.String, java.lang.String, java.lang.String, java.lang.String, java.lang.String)[pri:0, instance:com.bookmyroom.testng.ApplicationTest@17baae6e]" name="signUpTest" duration-ms="105" started-at="2018-09-06T05:16:34Z" data-provider="SignUpSheetData" finished-at="2018-09-06T05:16:34Z">
          <params>
            <param index="0">
              <value>
                <![CDATA[TestCase_SignUp_1]]>
              </value>
            </param>
            <param index="1">
              <value>
                <![CDATA[Nikhil Reddy]]>
              </value>
            </param>
            <param index="2">
              <value>
                <![CDATA[nikhilreddyaileni@gmail.com]]>
              </value>
            </param>
            <param index="3">
              <value>
                <![CDATA[Aa1]]>
              </value>
            </param>
            <param index="4">
              <value>
                <![CDATA[Qwerty#123]]>
              </value>
            </param>
            <param index="5">
              <value>
                <![CDATA[Male]]>
              </value>
            </param>
            <param index="6">
              <value>
                <![CDATA[22]]>
              </value>
            </param>
            <param index="7">
              <value>
                <![CDATA[9490222395]]>
              </value>
            </param>
          </params>
          <exception class="java.lang.NullPointerException">
            <full-stacktrace>
              <![CDATA[java.lang.NullPointerException
at com.bookmyroom.util.Reusable.navigateTo(Reusable.java:37)
at com.bookmyroom.pages.SignUpPage.signUp(SignUpPage.java:42)
at com.bookmyroom.testng.ApplicationTest.signUpTest(ApplicationTest.java:41)
at sun.reflect.NativeMethodAccessorImpl.invoke0(Native Method)
at sun.reflect.NativeMethodAccessorImpl.invoke(Unknown Source)
at sun.reflect.DelegatingMethodAccessorImpl.invoke(Unknown Source)
at java.lang.reflect.Method.invoke(Unknown Source)
at org.testng.internal.MethodInvocationHelper.invokeMethod(MethodInvocationHelper.java:124)
at org.testng.internal.Invoker.invokeMethod(Invoker.java:580)
at org.testng.internal.Invoker.invokeTestMethod(Invoker.java:716)
at org.testng.internal.Invoker.invokeTestMethods(Invoker.java:988)
at org.testng.internal.TestMethodWorker.invokeTestMethods(TestMethodWorker.java:125)
at org.testng.internal.TestMethodWorker.run(TestMethodWorker.java:109)
at org.testng.TestRunner.privateRun(TestRunner.java:648)
at org.testng.TestRunner.run(TestRunner.java:505)
at org.testng.SuiteRunner.runTest(SuiteRunner.java:455)
at org.testng.SuiteRunner.runSequentially(SuiteRunner.java:450)
at org.testng.SuiteRunner.privateRun(SuiteRunner.java:415)
at org.testng.SuiteRunner.run(SuiteRunner.java:364)
at org.testng.SuiteRunnerWorker.runSuite(SuiteRunnerWorker.java:52)
at org.testng.SuiteRunnerWorker.run(SuiteRunnerWorker.java:84)
at org.testng.TestNG.runSuitesSequentially(TestNG.java:1208)
at org.testng.TestNG.runSuitesLocally(TestNG.java:1137)
at org.testng.TestNG.runSuites(TestNG.java:1049)
at org.testng.TestNG.run(TestNG.java:1017)
at org.testng.remote.AbstractRemoteTestNG.run(AbstractRemoteTestNG.java:114)
at org.testng.remote.RemoteTestNG.initAndRun(RemoteTestNG.java:251)
at org.testng.remote.RemoteTestNG.main(RemoteTestNG.java:77)
]]>
            </full-stacktrace>
          </exception> <!-- java.lang.NullPointerException -->
          <reporter-output>
          </reporter-output>
        </test-method> <!-- signUpTest -->
        <test-method status="PASS" signature="signUpTest(java.lang.String, java.lang.String, java.lang.String, java.lang.String, java.lang.String, java.lang.String, java.lang.String, java.lang.String)[pri:0, instance:com.bookmyroom.testng.ApplicationTest@17baae6e]" name="signUpTest" duration-ms="14807" started-at="2018-09-06T05:16:34Z" data-provider="SignUpSheetData" finished-at="2018-09-06T05:16:49Z">
          <params>
            <param index="0">
              <value>
                <![CDATA[TestCase_SignUp_2]]>
              </value>
            </param>
            <param index="1">
              <value>
                <![CDATA[Nikhil Reddy]]>
              </value>
            </param>
            <param index="2">
              <value>
                <![CDATA[nikhilreddyaileni@gmail.com]]>
              </value>
            </param>
            <param index="3">
              <value>
                <![CDATA[Aa2]]>
              </value>
            </param>
            <param index="4">
              <value>
                <![CDATA[Qwerty#123]]>
              </value>
            </param>
            <param index="5">
              <value>
                <![CDATA[Male]]>
              </value>
            </param>
            <param index="6">
              <value>
                <![CDATA[22]]>
              </value>
            </param>
            <param index="7">
              <value>
                <![CDATA[9490222395]]>
              </value>
            </param>
          </params>
          <reporter-output>
          </reporter-output>
        </test-method> <!-- signUpTest -->
        <test-method status="PASS" signature="signUpTest(java.lang.String, java.lang.String, java.lang.String, java.lang.String, java.lang.String, java.lang.String, java.lang.String, java.lang.String)[pri:0, instance:com.bookmyroom.testng.ApplicationTest@17baae6e]" name="signUpTest" duration-ms="4075" started-at="2018-09-06T05:16:49Z" data-provider="SignUpSheetData" finished-at="2018-09-06T05:16:53Z">
          <params>
            <param index="0">
              <value>
                <![CDATA[TestCase_SignUp_3]]>
              </value>
            </param>
            <param index="1">
              <value>
                <![CDATA[Nikhil Reddy]]>
              </value>
            </param>
            <param index="2">
              <value>
                <![CDATA[nikhilreddyaileni@gmail.com]]>
              </value>
            </param>
            <param index="3">
              <value>
                <![CDATA[Aa3]]>
              </value>
            </param>
            <param index="4">
              <value>
                <![CDATA[Qwerty#123]]>
              </value>
            </param>
            <param index="5">
              <value>
                <![CDATA[Male]]>
              </value>
            </param>
            <param index="6">
              <value>
                <![CDATA[22]]>
              </value>
            </param>
            <param index="7">
              <value>
                <![CDATA[9490222395]]>
              </value>
            </param>
          </params>
          <reporter-output>
          </reporter-output>
        </test-method> <!-- signUpTest -->
        <test-method status="PASS" signature="signUpTest(java.lang.String, java.lang.String, java.lang.String, java.lang.String, java.lang.String, java.lang.String, java.lang.String, java.lang.String)[pri:0, instance:com.bookmyroom.testng.ApplicationTest@17baae6e]" name="signUpTest" duration-ms="3396" started-at="2018-09-06T05:16:53Z" data-provider="SignUpSheetData" finished-at="2018-09-06T05:16:56Z">
          <params>
            <param index="0">
              <value>
                <![CDATA[TestCase_SignUp_4]]>
              </value>
            </param>
            <param index="1">
              <value>
                <![CDATA[Nikhil Reddy]]>
              </value>
            </param>
            <param index="2">
              <value>
                <![CDATA[nikhilreddyaileni@gmail.com]]>
              </value>
            </param>
            <param index="3">
              <value>
                <![CDATA[Aa4]]>
              </value>
            </param>
            <param index="4">
              <value>
                <![CDATA[Qwerty#123]]>
              </value>
            </param>
            <param index="5">
              <value>
                <![CDATA[Male]]>
              </value>
            </param>
            <param index="6">
              <value>
                <![CDATA[22]]>
              </value>
            </param>
            <param index="7">
              <value>
                <![CDATA[9490222395]]>
              </value>
            </param>
          </params>
          <reporter-output>
          </reporter-output>
        </test-method> <!-- signUpTest -->
        <test-method status="PASS" signature="signUpTest(java.lang.String, java.lang.String, java.lang.String, java.lang.String, java.lang.String, java.lang.String, java.lang.String, java.lang.String)[pri:0, instance:com.bookmyroom.testng.ApplicationTest@17baae6e]" name="signUpTest" duration-ms="3880" started-at="2018-09-06T05:16:56Z" data-provider="SignUpSheetData" finished-at="2018-09-06T05:17:00Z">
          <params>
            <param index="0">
              <value>
                <![CDATA[TestCase_SignUp_5]]>
              </value>
            </param>
            <param index="1">
              <value>
                <![CDATA[Nikhil Reddy]]>
              </value>
            </param>
            <param index="2">
              <value>
                <![CDATA[nikhilreddyaileni@gmail.com]]>
              </value>
            </param>
            <param index="3">
              <value>
                <![CDATA[Aa5]]>
              </value>
            </param>
            <param index="4">
              <value>
                <![CDATA[Qwerty#123]]>
              </value>
            </param>
            <param index="5">
              <value>
                <![CDATA[Male]]>
              </value>
            </param>
            <param index="6">
              <value>
                <![CDATA[22]]>
              </value>
            </param>
            <param index="7">
              <value>
                <![CDATA[9490222395]]>
              </value>
            </param>
          </params>
          <reporter-output>
          </reporter-output>
        </test-method> <!-- signUpTest -->
        <test-method status="PASS" signature="afterTest()[pri:0, instance:com.bookmyroom.testng.ApplicationTest@17baae6e]" name="afterTest" is-config="true" duration-ms="234" started-at="2018-09-06T05:17:00Z" finished-at="2018-09-06T05:17:00Z">
          <reporter-output>
          </reporter-output>
        </test-method> <!-- afterTest -->
      </class> <!-- com.bookmyroom.testng.ApplicationTest -->
    </test> <!-- Default test -->
  </suite> <!-- Default suite -->
</testng-results>
